<html>
<head>
<title>TestNG:  Test</title>
<link href="../testng.css" rel="stylesheet" type="text/css" />
<link href="../my-testng.css" rel="stylesheet" type="text/css" />

<style type="text/css">
.log { display: none;} 
.stack-trace { display: none;} 
</style>
<script type="text/javascript">
<!--
function flip(e) {
  current = e.style.display;
  if (current == 'block') {
    e.style.display = 'none';
    return 0;
  }
  else {
    e.style.display = 'block';
    return 1;
  }
}

function toggleBox(szDivId, elem, msg1, msg2)
{
  var res = -1;  if (document.getElementById) {
    res = flip(document.getElementById(szDivId));
  }
  else if (document.all) {
    // this is the way old msie versions work
    res = flip(document.all[szDivId]);
  }
  if(elem) {
    if(res == 0) elem.innerHTML = msg1; else elem.innerHTML = msg2;
  }

}

function toggleAllBoxes() {
  if (document.getElementsByTagName) {
    d = document.getElementsByTagName('div');
    for (i = 0; i < d.length; i++) {
      if (d[i].className == 'log') {
        flip(d[i]);
      }
    }
  }
}

// -->
</script>

</head>
<body>
<h2 align='center'>Test</h2><table border='1' align="center">
<tr>
<td>Tests passed/Failed/Skipped:</td><td>0/0/4</td>
</tr><tr>
<td>Started on:</td><td>Sun Aug 16 15:44:47 EDT 2020</td>
</tr>
<tr><td>Total time:</td><td>5 seconds (5031 ms)</td>
</tr><tr>
<td>Included groups:</td><td></td>
</tr><tr>
<td>Excluded groups:</td><td></td>
</tr>
</table><p/>
<small><i>(Hover the method name to see the test class name)</i></small><p/>
<table width='100%' border='1' class='invocation-failed'>
<tr><td colspan='4' align='center'><b>FAILED CONFIGURATIONS</b></td></tr>
<tr><td><b>Test method</b></td>
<td width="30%"><b>Exception</b></td>
<td width="10%"><b>Time (seconds)</b></td>
<td><b>Instance</b></td>
</tr>
<tr>
<td title='com.mystore.tests.home.search.setup()'><b>setup</b><br>Test class: com.mystore.tests.home.search<br>Parameters: chrome</td>
<td><div><pre>org.openqa.selenium.SessionNotCreatedException: session not created: This version of ChromeDriver only supports Chrome version 81
Build info: version: &apos;3.141.59&apos;, revision: &apos;e82be7d358&apos;, time: &apos;2018-11-14T08:17:03&apos;
System info: host: &apos;Satishs-MacBook-Air.local&apos;, ip: &apos;2605:8d80:5c0:8f9:90d2:805d:86b:16a7%en0&apos;, os.name: &apos;Mac OS X&apos;, os.arch: &apos;x86_64&apos;, os.version: &apos;10.15&apos;, java.version: &apos;11.0.1&apos;
Driver info: driver.version: ChromeDriver
remote stacktrace: 0   chromedriver 2                      0x000000010b63e819 chromedriver 2 + 4671513
1   chromedriver 2                      0x000000010b5d9663 chromedriver 2 + 4257379
2   chromedriver 2                      0x000000010b28314f chromedriver 2 + 758095
3   chromedriver 2                      0x000000010b1e3189 chromedriver 2 + 102793
4   chromedriver 2                      0x000000010b1df3bc chromedriver 2 + 86972
5   chromedriver 2                      0x000000010b20e5c3 chromedriver 2 + 280003
6   chromedriver 2                      0x000000010b20b3d3 chromedriver 2 + 267219
7   chromedriver 2                      0x000000010b1e53dd chromedriver 2 + 111581
8   chromedriver 2                      0x000000010b1e6385 chromedriver 2 + 115589
9   chromedriver 2                      0x000000010b6010cf chromedriver 2 + 4419791
10  chromedriver 2                      0x000000010b60dd6a chromedriver 2 + 4472170
11  chromedriver 2                      0x000000010b60db07 chromedriver 2 + 4471559
12  chromedriver 2                      0x000000010b5e5219 chromedriver 2 + 4305433
13  chromedriver 2                      0x000000010b60e617 chromedriver 2 + 4474391
14  chromedriver 2                      0x000000010b5f6e57 chromedriver 2 + 4378199
15  chromedriver 2                      0x000000010b624884 chromedriver 2 + 4565124
16  chromedriver 2                      0x000000010b6447a7 chromedriver 2 + 4695975
17  libsystem_pthread.dylib             0x00007fff64168d76 _pthread_start + 125
18  libsystem_pthread.dylib             0x00007fff641655d7 thread_start + 15

	at org.openqa.selenium.remote.W3CHandshakeResponse.lambda$errorHandler$0(W3CHandshakeResponse.java:62)
	at org.openqa.selenium.remote.HandshakeResponse.lambda$getResponseFunction$0(HandshakeResponse.java:30)
	at org.openqa.selenium.remote.ProtocolHandshake.lambda$createSession$0(ProtocolHandshake.java:126)
	at java.base/java.util.stream.ReferencePipeline$3$1.accept(ReferencePipeline.java:195)
	at java.base/java.util.Spliterators$ArraySpliterator.tryAdvance(Spliterators.java:958)
	at java.base/java.util.stream.ReferencePipeline.forEachWithCancel(ReferencePipeline.java:127)
	at java.base/java.util.stream.AbstractPipeline.copyIntoWithCancel(AbstractPipeline.java:502)
	at java.base/java.util.stream.AbstractPipeline.copyInto(AbstractPipeline.java:488)
	at java.base/java.util.stream.AbstractPipeline.wrapAndCopyInto(AbstractPipeline.java:474)
	at java.base/java.util.stream.FindOps$FindOp.evaluateSequential(FindOps.java:150)
	at java.base/java.util.stream.AbstractPipeline.evaluate(AbstractPipeline.java:234)
	at java.base/java.util.stream.ReferencePipeline.findFirst(ReferencePipeline.java:543)
	at org.openqa.selenium.remote.ProtocolHandshake.createSession(ProtocolHandshake.java:128)
	at org.openqa.selenium.remote.ProtocolHandshake.createSession(ProtocolHandshake.java:74)
	at org.openqa.selenium.remote.HttpCommandExecutor.execute(HttpCommandExecutor.java:136)
	at org.openqa.selenium.remote.service.DriverCommandExecutor.execute(DriverCommandExecutor.java:83)
	at org.openqa.selenium.remote.RemoteWebDriver.execute(RemoteWebDriver.java:552)
	at org.openqa.selenium.remote.RemoteWebDriver.startSession(RemoteWebDriver.java:213)
	at org.openqa.selenium.remote.RemoteWebDriver.&lt;init&gt;(RemoteWebDriver.java:131)
	at org.openqa.selenium.chrome.ChromeDriver.&lt;init&gt;(ChromeDriver.java:181)
	at org.openqa.selenium.chrome.ChromeDriver.&lt;init&gt;(ChromeDriver.java:168)
	at org.openqa.selenium.chrome.ChromeDriver.&lt;init&gt;(ChromeDriver.java:123)
	at com.mystore.common.utils.BaseTest.setup(BaseTest.java:41)
... Removed 28 stack frames</pre></div><a href='#' onClick='toggleBox("stack-trace870322840", this, "Click to show all stack frames", "Click to hide stack frames")'>Click to show all stack frames</a>
<div class='stack-trace' id='stack-trace870322840'><pre>org.openqa.selenium.SessionNotCreatedException: session not created: This version of ChromeDriver only supports Chrome version 81
Build info: version: &apos;3.141.59&apos;, revision: &apos;e82be7d358&apos;, time: &apos;2018-11-14T08:17:03&apos;
System info: host: &apos;Satishs-MacBook-Air.local&apos;, ip: &apos;2605:8d80:5c0:8f9:90d2:805d:86b:16a7%en0&apos;, os.name: &apos;Mac OS X&apos;, os.arch: &apos;x86_64&apos;, os.version: &apos;10.15&apos;, java.version: &apos;11.0.1&apos;
Driver info: driver.version: ChromeDriver
remote stacktrace: 0   chromedriver 2                      0x000000010b63e819 chromedriver 2 + 4671513
1   chromedriver 2                      0x000000010b5d9663 chromedriver 2 + 4257379
2   chromedriver 2                      0x000000010b28314f chromedriver 2 + 758095
3   chromedriver 2                      0x000000010b1e3189 chromedriver 2 + 102793
4   chromedriver 2                      0x000000010b1df3bc chromedriver 2 + 86972
5   chromedriver 2                      0x000000010b20e5c3 chromedriver 2 + 280003
6   chromedriver 2                      0x000000010b20b3d3 chromedriver 2 + 267219
7   chromedriver 2                      0x000000010b1e53dd chromedriver 2 + 111581
8   chromedriver 2                      0x000000010b1e6385 chromedriver 2 + 115589
9   chromedriver 2                      0x000000010b6010cf chromedriver 2 + 4419791
10  chromedriver 2                      0x000000010b60dd6a chromedriver 2 + 4472170
11  chromedriver 2                      0x000000010b60db07 chromedriver 2 + 4471559
12  chromedriver 2                      0x000000010b5e5219 chromedriver 2 + 4305433
13  chromedriver 2                      0x000000010b60e617 chromedriver 2 + 4474391
14  chromedriver 2                      0x000000010b5f6e57 chromedriver 2 + 4378199
15  chromedriver 2                      0x000000010b624884 chromedriver 2 + 4565124
16  chromedriver 2                      0x000000010b6447a7 chromedriver 2 + 4695975
17  libsystem_pthread.dylib             0x00007fff64168d76 _pthread_start + 125
18  libsystem_pthread.dylib             0x00007fff641655d7 thread_start + 15

	at java.base/jdk.internal.reflect.NativeConstructorAccessorImpl.newInstance0(Native Method)
	at java.base/jdk.internal.reflect.NativeConstructorAccessorImpl.newInstance(NativeConstructorAccessorImpl.java:62)
	at java.base/jdk.internal.reflect.DelegatingConstructorAccessorImpl.newInstance(DelegatingConstructorAccessorImpl.java:45)
	at java.base/java.lang.reflect.Constructor.newInstance(Constructor.java:490)
	at org.openqa.selenium.remote.W3CHandshakeResponse.lambda$errorHandler$0(W3CHandshakeResponse.java:62)
	at org.openqa.selenium.remote.HandshakeResponse.lambda$getResponseFunction$0(HandshakeResponse.java:30)
	at org.openqa.selenium.remote.ProtocolHandshake.lambda$createSession$0(ProtocolHandshake.java:126)
	at java.base/java.util.stream.ReferencePipeline$3$1.accept(ReferencePipeline.java:195)
	at java.base/java.util.Spliterators$ArraySpliterator.tryAdvance(Spliterators.java:958)
	at java.base/java.util.stream.ReferencePipeline.forEachWithCancel(ReferencePipeline.java:127)
	at java.base/java.util.stream.AbstractPipeline.copyIntoWithCancel(AbstractPipeline.java:502)
	at java.base/java.util.stream.AbstractPipeline.copyInto(AbstractPipeline.java:488)
	at java.base/java.util.stream.AbstractPipeline.wrapAndCopyInto(AbstractPipeline.java:474)
	at java.base/java.util.stream.FindOps$FindOp.evaluateSequential(FindOps.java:150)
	at java.base/java.util.stream.AbstractPipeline.evaluate(AbstractPipeline.java:234)
	at java.base/java.util.stream.ReferencePipeline.findFirst(ReferencePipeline.java:543)
	at org.openqa.selenium.remote.ProtocolHandshake.createSession(ProtocolHandshake.java:128)
	at org.openqa.selenium.remote.ProtocolHandshake.createSession(ProtocolHandshake.java:74)
	at org.openqa.selenium.remote.HttpCommandExecutor.execute(HttpCommandExecutor.java:136)
	at org.openqa.selenium.remote.service.DriverCommandExecutor.execute(DriverCommandExecutor.java:83)
	at org.openqa.selenium.remote.RemoteWebDriver.execute(RemoteWebDriver.java:552)
	at org.openqa.selenium.remote.RemoteWebDriver.startSession(RemoteWebDriver.java:213)
	at org.openqa.selenium.remote.RemoteWebDriver.&lt;init&gt;(RemoteWebDriver.java:131)
	at org.openqa.selenium.chrome.ChromeDriver.&lt;init&gt;(ChromeDriver.java:181)
	at org.openqa.selenium.chrome.ChromeDriver.&lt;init&gt;(ChromeDriver.java:168)
	at org.openqa.selenium.chrome.ChromeDriver.&lt;init&gt;(ChromeDriver.java:123)
	at com.mystore.common.utils.BaseTest.setup(BaseTest.java:41)
	at java.base/jdk.internal.reflect.NativeMethodAccessorImpl.invoke0(Native Method)
	at java.base/jdk.internal.reflect.NativeMethodAccessorImpl.invoke(NativeMethodAccessorImpl.java:62)
	at java.base/jdk.internal.reflect.DelegatingMethodAccessorImpl.invoke(DelegatingMethodAccessorImpl.java:43)
	at java.base/java.lang.reflect.Method.invoke(Method.java:566)
	at org.testng.internal.MethodInvocationHelper.invokeMethod(MethodInvocationHelper.java:134)
	at org.testng.internal.MethodInvocationHelper.invokeMethodConsideringTimeout(MethodInvocationHelper.java:63)
	at org.testng.internal.ConfigInvoker.invokeConfigurationMethod(ConfigInvoker.java:348)
	at org.testng.internal.ConfigInvoker.invokeConfigurations(ConfigInvoker.java:302)
	at org.testng.TestRunner.invokeTestConfigurations(TestRunner.java:619)
	at org.testng.TestRunner.beforeRun(TestRunner.java:609)
	at org.testng.TestRunner.run(TestRunner.java:580)
	at org.testng.SuiteRunner.runTest(SuiteRunner.java:384)
	at org.testng.SuiteRunner.runSequentially(SuiteRunner.java:378)
	at org.testng.SuiteRunner.privateRun(SuiteRunner.java:337)
	at org.testng.SuiteRunner.run(SuiteRunner.java:286)
	at org.testng.SuiteRunnerWorker.runSuite(SuiteRunnerWorker.java:53)
	at org.testng.SuiteRunnerWorker.run(SuiteRunnerWorker.java:96)
	at org.testng.TestNG.runSuitesSequentially(TestNG.java:1187)
	at org.testng.TestNG.runSuitesLocally(TestNG.java:1109)
	at org.testng.TestNG.runSuites(TestNG.java:1039)
	at org.testng.TestNG.run(TestNG.java:1007)
	at org.testng.remote.AbstractRemoteTestNG.run(AbstractRemoteTestNG.java:115)
	at org.testng.remote.RemoteTestNG.initAndRun(RemoteTestNG.java:251)
	at org.testng.remote.RemoteTestNG.main(RemoteTestNG.java:77)
</pre></div></td>
<td>4</td>
<td>com.mystore.tests.home.search@76f2bbc1</td></tr>
</table><p>
<table width='100%' border='1' class='invocation-skipped'>
<tr><td colspan='4' align='center'><b>SKIPPED CONFIGURATIONS</b></td></tr>
<tr><td><b>Test method</b></td>
<td width="30%"><b>Exception</b></td>
<td width="10%"><b>Time (seconds)</b></td>
<td><b>Instance</b></td>
</tr>
<tr>
<td title='com.mystore.tests.home.search.tearDown()'><b>tearDown</b><br>Test class: com.mystore.tests.home.search</td>
<td></td>
<td>-1597607092</td>
<td>com.mystore.tests.home.search@76f2bbc1</td></tr>
</table><p>
<table width='100%' border='1' class='invocation-skipped'>
<tr><td colspan='4' align='center'><b>SKIPPED TESTS</b></td></tr>
<tr><td><b>Test method</b></td>
<td width="30%"><b>Exception</b></td>
<td width="10%"><b>Time (seconds)</b></td>
<td><b>Instance</b></td>
</tr>
<tr>
<td title='com.mystore.tests.home.search.ResultFound()'><b>ResultFound</b><br>Test class: com.mystore.tests.home.search</td>
<td><div><pre>org.openqa.selenium.SessionNotCreatedException: session not created: This version of ChromeDriver only supports Chrome version 81
Build info: version: &apos;3.141.59&apos;, revision: &apos;e82be7d358&apos;, time: &apos;2018-11-14T08:17:03&apos;
System info: host: &apos;Satishs-MacBook-Air.local&apos;, ip: &apos;2605:8d80:5c0:8f9:90d2:805d:86b:16a7%en0&apos;, os.name: &apos;Mac OS X&apos;, os.arch: &apos;x86_64&apos;, os.version: &apos;10.15&apos;, java.version: &apos;11.0.1&apos;
Driver info: driver.version: ChromeDriver
remote stacktrace: 0   chromedriver 2                      0x000000010b63e819 chromedriver 2 + 4671513
1   chromedriver 2                      0x000000010b5d9663 chromedriver 2 + 4257379
2   chromedriver 2                      0x000000010b28314f chromedriver 2 + 758095
3   chromedriver 2                      0x000000010b1e3189 chromedriver 2 + 102793
4   chromedriver 2                      0x000000010b1df3bc chromedriver 2 + 86972
5   chromedriver 2                      0x000000010b20e5c3 chromedriver 2 + 280003
6   chromedriver 2                      0x000000010b20b3d3 chromedriver 2 + 267219
7   chromedriver 2                      0x000000010b1e53dd chromedriver 2 + 111581
8   chromedriver 2                      0x000000010b1e6385 chromedriver 2 + 115589
9   chromedriver 2                      0x000000010b6010cf chromedriver 2 + 4419791
10  chromedriver 2                      0x000000010b60dd6a chromedriver 2 + 4472170
11  chromedriver 2                      0x000000010b60db07 chromedriver 2 + 4471559
12  chromedriver 2                      0x000000010b5e5219 chromedriver 2 + 4305433
13  chromedriver 2                      0x000000010b60e617 chromedriver 2 + 4474391
14  chromedriver 2                      0x000000010b5f6e57 chromedriver 2 + 4378199
15  chromedriver 2                      0x000000010b624884 chromedriver 2 + 4565124
16  chromedriver 2                      0x000000010b6447a7 chromedriver 2 + 4695975
17  libsystem_pthread.dylib             0x00007fff64168d76 _pthread_start + 125
18  libsystem_pthread.dylib             0x00007fff641655d7 thread_start + 15

	at org.openqa.selenium.remote.W3CHandshakeResponse.lambda$errorHandler$0(W3CHandshakeResponse.java:62)
	at org.openqa.selenium.remote.HandshakeResponse.lambda$getResponseFunction$0(HandshakeResponse.java:30)
	at org.openqa.selenium.remote.ProtocolHandshake.lambda$createSession$0(ProtocolHandshake.java:126)
	at java.base/java.util.stream.ReferencePipeline$3$1.accept(ReferencePipeline.java:195)
	at java.base/java.util.Spliterators$ArraySpliterator.tryAdvance(Spliterators.java:958)
	at java.base/java.util.stream.ReferencePipeline.forEachWithCancel(ReferencePipeline.java:127)
	at java.base/java.util.stream.AbstractPipeline.copyIntoWithCancel(AbstractPipeline.java:502)
	at java.base/java.util.stream.AbstractPipeline.copyInto(AbstractPipeline.java:488)
	at java.base/java.util.stream.AbstractPipeline.wrapAndCopyInto(AbstractPipeline.java:474)
	at java.base/java.util.stream.FindOps$FindOp.evaluateSequential(FindOps.java:150)
	at java.base/java.util.stream.AbstractPipeline.evaluate(AbstractPipeline.java:234)
	at java.base/java.util.stream.ReferencePipeline.findFirst(ReferencePipeline.java:543)
	at org.openqa.selenium.remote.ProtocolHandshake.createSession(ProtocolHandshake.java:128)
	at org.openqa.selenium.remote.ProtocolHandshake.createSession(ProtocolHandshake.java:74)
	at org.openqa.selenium.remote.HttpCommandExecutor.execute(HttpCommandExecutor.java:136)
	at org.openqa.selenium.remote.service.DriverCommandExecutor.execute(DriverCommandExecutor.java:83)
	at org.openqa.selenium.remote.RemoteWebDriver.execute(RemoteWebDriver.java:552)
	at org.openqa.selenium.remote.RemoteWebDriver.startSession(RemoteWebDriver.java:213)
	at org.openqa.selenium.remote.RemoteWebDriver.&lt;init&gt;(RemoteWebDriver.java:131)
	at org.openqa.selenium.chrome.ChromeDriver.&lt;init&gt;(ChromeDriver.java:181)
	at org.openqa.selenium.chrome.ChromeDriver.&lt;init&gt;(ChromeDriver.java:168)
	at org.openqa.selenium.chrome.ChromeDriver.&lt;init&gt;(ChromeDriver.java:123)
	at com.mystore.common.utils.BaseTest.setup(BaseTest.java:41)
... Removed 28 stack frames</pre></div><a href='#' onClick='toggleBox("stack-trace1379148981", this, "Click to show all stack frames", "Click to hide stack frames")'>Click to show all stack frames</a>
<div class='stack-trace' id='stack-trace1379148981'><pre>org.openqa.selenium.SessionNotCreatedException: session not created: This version of ChromeDriver only supports Chrome version 81
Build info: version: &apos;3.141.59&apos;, revision: &apos;e82be7d358&apos;, time: &apos;2018-11-14T08:17:03&apos;
System info: host: &apos;Satishs-MacBook-Air.local&apos;, ip: &apos;2605:8d80:5c0:8f9:90d2:805d:86b:16a7%en0&apos;, os.name: &apos;Mac OS X&apos;, os.arch: &apos;x86_64&apos;, os.version: &apos;10.15&apos;, java.version: &apos;11.0.1&apos;
Driver info: driver.version: ChromeDriver
remote stacktrace: 0   chromedriver 2                      0x000000010b63e819 chromedriver 2 + 4671513
1   chromedriver 2                      0x000000010b5d9663 chromedriver 2 + 4257379
2   chromedriver 2                      0x000000010b28314f chromedriver 2 + 758095
3   chromedriver 2                      0x000000010b1e3189 chromedriver 2 + 102793
4   chromedriver 2                      0x000000010b1df3bc chromedriver 2 + 86972
5   chromedriver 2                      0x000000010b20e5c3 chromedriver 2 + 280003
6   chromedriver 2                      0x000000010b20b3d3 chromedriver 2 + 267219
7   chromedriver 2                      0x000000010b1e53dd chromedriver 2 + 111581
8   chromedriver 2                      0x000000010b1e6385 chromedriver 2 + 115589
9   chromedriver 2                      0x000000010b6010cf chromedriver 2 + 4419791
10  chromedriver 2                      0x000000010b60dd6a chromedriver 2 + 4472170
11  chromedriver 2                      0x000000010b60db07 chromedriver 2 + 4471559
12  chromedriver 2                      0x000000010b5e5219 chromedriver 2 + 4305433
13  chromedriver 2                      0x000000010b60e617 chromedriver 2 + 4474391
14  chromedriver 2                      0x000000010b5f6e57 chromedriver 2 + 4378199
15  chromedriver 2                      0x000000010b624884 chromedriver 2 + 4565124
16  chromedriver 2                      0x000000010b6447a7 chromedriver 2 + 4695975
17  libsystem_pthread.dylib             0x00007fff64168d76 _pthread_start + 125
18  libsystem_pthread.dylib             0x00007fff641655d7 thread_start + 15

	at java.base/jdk.internal.reflect.NativeConstructorAccessorImpl.newInstance0(Native Method)
	at java.base/jdk.internal.reflect.NativeConstructorAccessorImpl.newInstance(NativeConstructorAccessorImpl.java:62)
	at java.base/jdk.internal.reflect.DelegatingConstructorAccessorImpl.newInstance(DelegatingConstructorAccessorImpl.java:45)
	at java.base/java.lang.reflect.Constructor.newInstance(Constructor.java:490)
	at org.openqa.selenium.remote.W3CHandshakeResponse.lambda$errorHandler$0(W3CHandshakeResponse.java:62)
	at org.openqa.selenium.remote.HandshakeResponse.lambda$getResponseFunction$0(HandshakeResponse.java:30)
	at org.openqa.selenium.remote.ProtocolHandshake.lambda$createSession$0(ProtocolHandshake.java:126)
	at java.base/java.util.stream.ReferencePipeline$3$1.accept(ReferencePipeline.java:195)
	at java.base/java.util.Spliterators$ArraySpliterator.tryAdvance(Spliterators.java:958)
	at java.base/java.util.stream.ReferencePipeline.forEachWithCancel(ReferencePipeline.java:127)
	at java.base/java.util.stream.AbstractPipeline.copyIntoWithCancel(AbstractPipeline.java:502)
	at java.base/java.util.stream.AbstractPipeline.copyInto(AbstractPipeline.java:488)
	at java.base/java.util.stream.AbstractPipeline.wrapAndCopyInto(AbstractPipeline.java:474)
	at java.base/java.util.stream.FindOps$FindOp.evaluateSequential(FindOps.java:150)
	at java.base/java.util.stream.AbstractPipeline.evaluate(AbstractPipeline.java:234)
	at java.base/java.util.stream.ReferencePipeline.findFirst(ReferencePipeline.java:543)
	at org.openqa.selenium.remote.ProtocolHandshake.createSession(ProtocolHandshake.java:128)
	at org.openqa.selenium.remote.ProtocolHandshake.createSession(ProtocolHandshake.java:74)
	at org.openqa.selenium.remote.HttpCommandExecutor.execute(HttpCommandExecutor.java:136)
	at org.openqa.selenium.remote.service.DriverCommandExecutor.execute(DriverCommandExecutor.java:83)
	at org.openqa.selenium.remote.RemoteWebDriver.execute(RemoteWebDriver.java:552)
	at org.openqa.selenium.remote.RemoteWebDriver.startSession(RemoteWebDriver.java:213)
	at org.openqa.selenium.remote.RemoteWebDriver.&lt;init&gt;(RemoteWebDriver.java:131)
	at org.openqa.selenium.chrome.ChromeDriver.&lt;init&gt;(ChromeDriver.java:181)
	at org.openqa.selenium.chrome.ChromeDriver.&lt;init&gt;(ChromeDriver.java:168)
	at org.openqa.selenium.chrome.ChromeDriver.&lt;init&gt;(ChromeDriver.java:123)
	at com.mystore.common.utils.BaseTest.setup(BaseTest.java:41)
	at java.base/jdk.internal.reflect.NativeMethodAccessorImpl.invoke0(Native Method)
	at java.base/jdk.internal.reflect.NativeMethodAccessorImpl.invoke(NativeMethodAccessorImpl.java:62)
	at java.base/jdk.internal.reflect.DelegatingMethodAccessorImpl.invoke(DelegatingMethodAccessorImpl.java:43)
	at java.base/java.lang.reflect.Method.invoke(Method.java:566)
	at org.testng.internal.MethodInvocationHelper.invokeMethod(MethodInvocationHelper.java:134)
	at org.testng.internal.MethodInvocationHelper.invokeMethodConsideringTimeout(MethodInvocationHelper.java:63)
	at org.testng.internal.ConfigInvoker.invokeConfigurationMethod(ConfigInvoker.java:348)
	at org.testng.internal.ConfigInvoker.invokeConfigurations(ConfigInvoker.java:302)
	at org.testng.TestRunner.invokeTestConfigurations(TestRunner.java:619)
	at org.testng.TestRunner.beforeRun(TestRunner.java:609)
	at org.testng.TestRunner.run(TestRunner.java:580)
	at org.testng.SuiteRunner.runTest(SuiteRunner.java:384)
	at org.testng.SuiteRunner.runSequentially(SuiteRunner.java:378)
	at org.testng.SuiteRunner.privateRun(SuiteRunner.java:337)
	at org.testng.SuiteRunner.run(SuiteRunner.java:286)
	at org.testng.SuiteRunnerWorker.runSuite(SuiteRunnerWorker.java:53)
	at org.testng.SuiteRunnerWorker.run(SuiteRunnerWorker.java:96)
	at org.testng.TestNG.runSuitesSequentially(TestNG.java:1187)
	at org.testng.TestNG.runSuitesLocally(TestNG.java:1109)
	at org.testng.TestNG.runSuites(TestNG.java:1039)
	at org.testng.TestNG.run(TestNG.java:1007)
	at org.testng.remote.AbstractRemoteTestNG.run(AbstractRemoteTestNG.java:115)
	at org.testng.remote.RemoteTestNG.initAndRun(RemoteTestNG.java:251)
	at org.testng.remote.RemoteTestNG.main(RemoteTestNG.java:77)
</pre></div></td>
<td>0</td>
<td>com.mystore.tests.home.search@76f2bbc1</td></tr>
<tr>
<td title='com.mystore.tests.home.search.ResultFound()'><b>ResultFound</b><br>Test class: com.mystore.tests.home.search</td>
<td><div><pre>org.openqa.selenium.SessionNotCreatedException: session not created: This version of ChromeDriver only supports Chrome version 81
Build info: version: &apos;3.141.59&apos;, revision: &apos;e82be7d358&apos;, time: &apos;2018-11-14T08:17:03&apos;
System info: host: &apos;Satishs-MacBook-Air.local&apos;, ip: &apos;2605:8d80:5c0:8f9:90d2:805d:86b:16a7%en0&apos;, os.name: &apos;Mac OS X&apos;, os.arch: &apos;x86_64&apos;, os.version: &apos;10.15&apos;, java.version: &apos;11.0.1&apos;
Driver info: driver.version: ChromeDriver
remote stacktrace: 0   chromedriver 2                      0x000000010b63e819 chromedriver 2 + 4671513
1   chromedriver 2                      0x000000010b5d9663 chromedriver 2 + 4257379
2   chromedriver 2                      0x000000010b28314f chromedriver 2 + 758095
3   chromedriver 2                      0x000000010b1e3189 chromedriver 2 + 102793
4   chromedriver 2                      0x000000010b1df3bc chromedriver 2 + 86972
5   chromedriver 2                      0x000000010b20e5c3 chromedriver 2 + 280003
6   chromedriver 2                      0x000000010b20b3d3 chromedriver 2 + 267219
7   chromedriver 2                      0x000000010b1e53dd chromedriver 2 + 111581
8   chromedriver 2                      0x000000010b1e6385 chromedriver 2 + 115589
9   chromedriver 2                      0x000000010b6010cf chromedriver 2 + 4419791
10  chromedriver 2                      0x000000010b60dd6a chromedriver 2 + 4472170
11  chromedriver 2                      0x000000010b60db07 chromedriver 2 + 4471559
12  chromedriver 2                      0x000000010b5e5219 chromedriver 2 + 4305433
13  chromedriver 2                      0x000000010b60e617 chromedriver 2 + 4474391
14  chromedriver 2                      0x000000010b5f6e57 chromedriver 2 + 4378199
15  chromedriver 2                      0x000000010b624884 chromedriver 2 + 4565124
16  chromedriver 2                      0x000000010b6447a7 chromedriver 2 + 4695975
17  libsystem_pthread.dylib             0x00007fff64168d76 _pthread_start + 125
18  libsystem_pthread.dylib             0x00007fff641655d7 thread_start + 15

	at org.openqa.selenium.remote.W3CHandshakeResponse.lambda$errorHandler$0(W3CHandshakeResponse.java:62)
	at org.openqa.selenium.remote.HandshakeResponse.lambda$getResponseFunction$0(HandshakeResponse.java:30)
	at org.openqa.selenium.remote.ProtocolHandshake.lambda$createSession$0(ProtocolHandshake.java:126)
	at java.base/java.util.stream.ReferencePipeline$3$1.accept(ReferencePipeline.java:195)
	at java.base/java.util.Spliterators$ArraySpliterator.tryAdvance(Spliterators.java:958)
	at java.base/java.util.stream.ReferencePipeline.forEachWithCancel(ReferencePipeline.java:127)
	at java.base/java.util.stream.AbstractPipeline.copyIntoWithCancel(AbstractPipeline.java:502)
	at java.base/java.util.stream.AbstractPipeline.copyInto(AbstractPipeline.java:488)
	at java.base/java.util.stream.AbstractPipeline.wrapAndCopyInto(AbstractPipeline.java:474)
	at java.base/java.util.stream.FindOps$FindOp.evaluateSequential(FindOps.java:150)
	at java.base/java.util.stream.AbstractPipeline.evaluate(AbstractPipeline.java:234)
	at java.base/java.util.stream.ReferencePipeline.findFirst(ReferencePipeline.java:543)
	at org.openqa.selenium.remote.ProtocolHandshake.createSession(ProtocolHandshake.java:128)
	at org.openqa.selenium.remote.ProtocolHandshake.createSession(ProtocolHandshake.java:74)
	at org.openqa.selenium.remote.HttpCommandExecutor.execute(HttpCommandExecutor.java:136)
	at org.openqa.selenium.remote.service.DriverCommandExecutor.execute(DriverCommandExecutor.java:83)
	at org.openqa.selenium.remote.RemoteWebDriver.execute(RemoteWebDriver.java:552)
	at org.openqa.selenium.remote.RemoteWebDriver.startSession(RemoteWebDriver.java:213)
	at org.openqa.selenium.remote.RemoteWebDriver.&lt;init&gt;(RemoteWebDriver.java:131)
	at org.openqa.selenium.chrome.ChromeDriver.&lt;init&gt;(ChromeDriver.java:181)
	at org.openqa.selenium.chrome.ChromeDriver.&lt;init&gt;(ChromeDriver.java:168)
	at org.openqa.selenium.chrome.ChromeDriver.&lt;init&gt;(ChromeDriver.java:123)
	at com.mystore.common.utils.BaseTest.setup(BaseTest.java:41)
... Removed 28 stack frames</pre></div><a href='#' onClick='toggleBox("stack-trace732597634", this, "Click to show all stack frames", "Click to hide stack frames")'>Click to show all stack frames</a>
<div class='stack-trace' id='stack-trace732597634'><pre>org.openqa.selenium.SessionNotCreatedException: session not created: This version of ChromeDriver only supports Chrome version 81
Build info: version: &apos;3.141.59&apos;, revision: &apos;e82be7d358&apos;, time: &apos;2018-11-14T08:17:03&apos;
System info: host: &apos;Satishs-MacBook-Air.local&apos;, ip: &apos;2605:8d80:5c0:8f9:90d2:805d:86b:16a7%en0&apos;, os.name: &apos;Mac OS X&apos;, os.arch: &apos;x86_64&apos;, os.version: &apos;10.15&apos;, java.version: &apos;11.0.1&apos;
Driver info: driver.version: ChromeDriver
remote stacktrace: 0   chromedriver 2                      0x000000010b63e819 chromedriver 2 + 4671513
1   chromedriver 2                      0x000000010b5d9663 chromedriver 2 + 4257379
2   chromedriver 2                      0x000000010b28314f chromedriver 2 + 758095
3   chromedriver 2                      0x000000010b1e3189 chromedriver 2 + 102793
4   chromedriver 2                      0x000000010b1df3bc chromedriver 2 + 86972
5   chromedriver 2                      0x000000010b20e5c3 chromedriver 2 + 280003
6   chromedriver 2                      0x000000010b20b3d3 chromedriver 2 + 267219
7   chromedriver 2                      0x000000010b1e53dd chromedriver 2 + 111581
8   chromedriver 2                      0x000000010b1e6385 chromedriver 2 + 115589
9   chromedriver 2                      0x000000010b6010cf chromedriver 2 + 4419791
10  chromedriver 2                      0x000000010b60dd6a chromedriver 2 + 4472170
11  chromedriver 2                      0x000000010b60db07 chromedriver 2 + 4471559
12  chromedriver 2                      0x000000010b5e5219 chromedriver 2 + 4305433
13  chromedriver 2                      0x000000010b60e617 chromedriver 2 + 4474391
14  chromedriver 2                      0x000000010b5f6e57 chromedriver 2 + 4378199
15  chromedriver 2                      0x000000010b624884 chromedriver 2 + 4565124
16  chromedriver 2                      0x000000010b6447a7 chromedriver 2 + 4695975
17  libsystem_pthread.dylib             0x00007fff64168d76 _pthread_start + 125
18  libsystem_pthread.dylib             0x00007fff641655d7 thread_start + 15

	at java.base/jdk.internal.reflect.NativeConstructorAccessorImpl.newInstance0(Native Method)
	at java.base/jdk.internal.reflect.NativeConstructorAccessorImpl.newInstance(NativeConstructorAccessorImpl.java:62)
	at java.base/jdk.internal.reflect.DelegatingConstructorAccessorImpl.newInstance(DelegatingConstructorAccessorImpl.java:45)
	at java.base/java.lang.reflect.Constructor.newInstance(Constructor.java:490)
	at org.openqa.selenium.remote.W3CHandshakeResponse.lambda$errorHandler$0(W3CHandshakeResponse.java:62)
	at org.openqa.selenium.remote.HandshakeResponse.lambda$getResponseFunction$0(HandshakeResponse.java:30)
	at org.openqa.selenium.remote.ProtocolHandshake.lambda$createSession$0(ProtocolHandshake.java:126)
	at java.base/java.util.stream.ReferencePipeline$3$1.accept(ReferencePipeline.java:195)
	at java.base/java.util.Spliterators$ArraySpliterator.tryAdvance(Spliterators.java:958)
	at java.base/java.util.stream.ReferencePipeline.forEachWithCancel(ReferencePipeline.java:127)
	at java.base/java.util.stream.AbstractPipeline.copyIntoWithCancel(AbstractPipeline.java:502)
	at java.base/java.util.stream.AbstractPipeline.copyInto(AbstractPipeline.java:488)
	at java.base/java.util.stream.AbstractPipeline.wrapAndCopyInto(AbstractPipeline.java:474)
	at java.base/java.util.stream.FindOps$FindOp.evaluateSequential(FindOps.java:150)
	at java.base/java.util.stream.AbstractPipeline.evaluate(AbstractPipeline.java:234)
	at java.base/java.util.stream.ReferencePipeline.findFirst(ReferencePipeline.java:543)
	at org.openqa.selenium.remote.ProtocolHandshake.createSession(ProtocolHandshake.java:128)
	at org.openqa.selenium.remote.ProtocolHandshake.createSession(ProtocolHandshake.java:74)
	at org.openqa.selenium.remote.HttpCommandExecutor.execute(HttpCommandExecutor.java:136)
	at org.openqa.selenium.remote.service.DriverCommandExecutor.execute(DriverCommandExecutor.java:83)
	at org.openqa.selenium.remote.RemoteWebDriver.execute(RemoteWebDriver.java:552)
	at org.openqa.selenium.remote.RemoteWebDriver.startSession(RemoteWebDriver.java:213)
	at org.openqa.selenium.remote.RemoteWebDriver.&lt;init&gt;(RemoteWebDriver.java:131)
	at org.openqa.selenium.chrome.ChromeDriver.&lt;init&gt;(ChromeDriver.java:181)
	at org.openqa.selenium.chrome.ChromeDriver.&lt;init&gt;(ChromeDriver.java:168)
	at org.openqa.selenium.chrome.ChromeDriver.&lt;init&gt;(ChromeDriver.java:123)
	at com.mystore.common.utils.BaseTest.setup(BaseTest.java:41)
	at java.base/jdk.internal.reflect.NativeMethodAccessorImpl.invoke0(Native Method)
	at java.base/jdk.internal.reflect.NativeMethodAccessorImpl.invoke(NativeMethodAccessorImpl.java:62)
	at java.base/jdk.internal.reflect.DelegatingMethodAccessorImpl.invoke(DelegatingMethodAccessorImpl.java:43)
	at java.base/java.lang.reflect.Method.invoke(Method.java:566)
	at org.testng.internal.MethodInvocationHelper.invokeMethod(MethodInvocationHelper.java:134)
	at org.testng.internal.MethodInvocationHelper.invokeMethodConsideringTimeout(MethodInvocationHelper.java:63)
	at org.testng.internal.ConfigInvoker.invokeConfigurationMethod(ConfigInvoker.java:348)
	at org.testng.internal.ConfigInvoker.invokeConfigurations(ConfigInvoker.java:302)
	at org.testng.TestRunner.invokeTestConfigurations(TestRunner.java:619)
	at org.testng.TestRunner.beforeRun(TestRunner.java:609)
	at org.testng.TestRunner.run(TestRunner.java:580)
	at org.testng.SuiteRunner.runTest(SuiteRunner.java:384)
	at org.testng.SuiteRunner.runSequentially(SuiteRunner.java:378)
	at org.testng.SuiteRunner.privateRun(SuiteRunner.java:337)
	at org.testng.SuiteRunner.run(SuiteRunner.java:286)
	at org.testng.SuiteRunnerWorker.runSuite(SuiteRunnerWorker.java:53)
	at org.testng.SuiteRunnerWorker.run(SuiteRunnerWorker.java:96)
	at org.testng.TestNG.runSuitesSequentially(TestNG.java:1187)
	at org.testng.TestNG.runSuitesLocally(TestNG.java:1109)
	at org.testng.TestNG.runSuites(TestNG.java:1039)
	at org.testng.TestNG.run(TestNG.java:1007)
	at org.testng.remote.AbstractRemoteTestNG.run(AbstractRemoteTestNG.java:115)
	at org.testng.remote.RemoteTestNG.initAndRun(RemoteTestNG.java:251)
	at org.testng.remote.RemoteTestNG.main(RemoteTestNG.java:77)
</pre></div></td>
<td>0</td>
<td>com.mystore.tests.home.search@76f2bbc1</td></tr>
<tr>
<td title='com.mystore.tests.home.search.ResultFound()'><b>ResultFound</b><br>Test class: com.mystore.tests.home.search</td>
<td><div><pre>org.openqa.selenium.SessionNotCreatedException: session not created: This version of ChromeDriver only supports Chrome version 81
Build info: version: &apos;3.141.59&apos;, revision: &apos;e82be7d358&apos;, time: &apos;2018-11-14T08:17:03&apos;
System info: host: &apos;Satishs-MacBook-Air.local&apos;, ip: &apos;2605:8d80:5c0:8f9:90d2:805d:86b:16a7%en0&apos;, os.name: &apos;Mac OS X&apos;, os.arch: &apos;x86_64&apos;, os.version: &apos;10.15&apos;, java.version: &apos;11.0.1&apos;
Driver info: driver.version: ChromeDriver
remote stacktrace: 0   chromedriver 2                      0x000000010b63e819 chromedriver 2 + 4671513
1   chromedriver 2                      0x000000010b5d9663 chromedriver 2 + 4257379
2   chromedriver 2                      0x000000010b28314f chromedriver 2 + 758095
3   chromedriver 2                      0x000000010b1e3189 chromedriver 2 + 102793
4   chromedriver 2                      0x000000010b1df3bc chromedriver 2 + 86972
5   chromedriver 2                      0x000000010b20e5c3 chromedriver 2 + 280003
6   chromedriver 2                      0x000000010b20b3d3 chromedriver 2 + 267219
7   chromedriver 2                      0x000000010b1e53dd chromedriver 2 + 111581
8   chromedriver 2                      0x000000010b1e6385 chromedriver 2 + 115589
9   chromedriver 2                      0x000000010b6010cf chromedriver 2 + 4419791
10  chromedriver 2                      0x000000010b60dd6a chromedriver 2 + 4472170
11  chromedriver 2                      0x000000010b60db07 chromedriver 2 + 4471559
12  chromedriver 2                      0x000000010b5e5219 chromedriver 2 + 4305433
13  chromedriver 2                      0x000000010b60e617 chromedriver 2 + 4474391
14  chromedriver 2                      0x000000010b5f6e57 chromedriver 2 + 4378199
15  chromedriver 2                      0x000000010b624884 chromedriver 2 + 4565124
16  chromedriver 2                      0x000000010b6447a7 chromedriver 2 + 4695975
17  libsystem_pthread.dylib             0x00007fff64168d76 _pthread_start + 125
18  libsystem_pthread.dylib             0x00007fff641655d7 thread_start + 15

	at org.openqa.selenium.remote.W3CHandshakeResponse.lambda$errorHandler$0(W3CHandshakeResponse.java:62)
	at org.openqa.selenium.remote.HandshakeResponse.lambda$getResponseFunction$0(HandshakeResponse.java:30)
	at org.openqa.selenium.remote.ProtocolHandshake.lambda$createSession$0(ProtocolHandshake.java:126)
	at java.base/java.util.stream.ReferencePipeline$3$1.accept(ReferencePipeline.java:195)
	at java.base/java.util.Spliterators$ArraySpliterator.tryAdvance(Spliterators.java:958)
	at java.base/java.util.stream.ReferencePipeline.forEachWithCancel(ReferencePipeline.java:127)
	at java.base/java.util.stream.AbstractPipeline.copyIntoWithCancel(AbstractPipeline.java:502)
	at java.base/java.util.stream.AbstractPipeline.copyInto(AbstractPipeline.java:488)
	at java.base/java.util.stream.AbstractPipeline.wrapAndCopyInto(AbstractPipeline.java:474)
	at java.base/java.util.stream.FindOps$FindOp.evaluateSequential(FindOps.java:150)
	at java.base/java.util.stream.AbstractPipeline.evaluate(AbstractPipeline.java:234)
	at java.base/java.util.stream.ReferencePipeline.findFirst(ReferencePipeline.java:543)
	at org.openqa.selenium.remote.ProtocolHandshake.createSession(ProtocolHandshake.java:128)
	at org.openqa.selenium.remote.ProtocolHandshake.createSession(ProtocolHandshake.java:74)
	at org.openqa.selenium.remote.HttpCommandExecutor.execute(HttpCommandExecutor.java:136)
	at org.openqa.selenium.remote.service.DriverCommandExecutor.execute(DriverCommandExecutor.java:83)
	at org.openqa.selenium.remote.RemoteWebDriver.execute(RemoteWebDriver.java:552)
	at org.openqa.selenium.remote.RemoteWebDriver.startSession(RemoteWebDriver.java:213)
	at org.openqa.selenium.remote.RemoteWebDriver.&lt;init&gt;(RemoteWebDriver.java:131)
	at org.openqa.selenium.chrome.ChromeDriver.&lt;init&gt;(ChromeDriver.java:181)
	at org.openqa.selenium.chrome.ChromeDriver.&lt;init&gt;(ChromeDriver.java:168)
	at org.openqa.selenium.chrome.ChromeDriver.&lt;init&gt;(ChromeDriver.java:123)
	at com.mystore.common.utils.BaseTest.setup(BaseTest.java:41)
... Removed 28 stack frames</pre></div><a href='#' onClick='toggleBox("stack-trace832432849", this, "Click to show all stack frames", "Click to hide stack frames")'>Click to show all stack frames</a>
<div class='stack-trace' id='stack-trace832432849'><pre>org.openqa.selenium.SessionNotCreatedException: session not created: This version of ChromeDriver only supports Chrome version 81
Build info: version: &apos;3.141.59&apos;, revision: &apos;e82be7d358&apos;, time: &apos;2018-11-14T08:17:03&apos;
System info: host: &apos;Satishs-MacBook-Air.local&apos;, ip: &apos;2605:8d80:5c0:8f9:90d2:805d:86b:16a7%en0&apos;, os.name: &apos;Mac OS X&apos;, os.arch: &apos;x86_64&apos;, os.version: &apos;10.15&apos;, java.version: &apos;11.0.1&apos;
Driver info: driver.version: ChromeDriver
remote stacktrace: 0   chromedriver 2                      0x000000010b63e819 chromedriver 2 + 4671513
1   chromedriver 2                      0x000000010b5d9663 chromedriver 2 + 4257379
2   chromedriver 2                      0x000000010b28314f chromedriver 2 + 758095
3   chromedriver 2                      0x000000010b1e3189 chromedriver 2 + 102793
4   chromedriver 2                      0x000000010b1df3bc chromedriver 2 + 86972
5   chromedriver 2                      0x000000010b20e5c3 chromedriver 2 + 280003
6   chromedriver 2                      0x000000010b20b3d3 chromedriver 2 + 267219
7   chromedriver 2                      0x000000010b1e53dd chromedriver 2 + 111581
8   chromedriver 2                      0x000000010b1e6385 chromedriver 2 + 115589
9   chromedriver 2                      0x000000010b6010cf chromedriver 2 + 4419791
10  chromedriver 2                      0x000000010b60dd6a chromedriver 2 + 4472170
11  chromedriver 2                      0x000000010b60db07 chromedriver 2 + 4471559
12  chromedriver 2                      0x000000010b5e5219 chromedriver 2 + 4305433
13  chromedriver 2                      0x000000010b60e617 chromedriver 2 + 4474391
14  chromedriver 2                      0x000000010b5f6e57 chromedriver 2 + 4378199
15  chromedriver 2                      0x000000010b624884 chromedriver 2 + 4565124
16  chromedriver 2                      0x000000010b6447a7 chromedriver 2 + 4695975
17  libsystem_pthread.dylib             0x00007fff64168d76 _pthread_start + 125
18  libsystem_pthread.dylib             0x00007fff641655d7 thread_start + 15

	at java.base/jdk.internal.reflect.NativeConstructorAccessorImpl.newInstance0(Native Method)
	at java.base/jdk.internal.reflect.NativeConstructorAccessorImpl.newInstance(NativeConstructorAccessorImpl.java:62)
	at java.base/jdk.internal.reflect.DelegatingConstructorAccessorImpl.newInstance(DelegatingConstructorAccessorImpl.java:45)
	at java.base/java.lang.reflect.Constructor.newInstance(Constructor.java:490)
	at org.openqa.selenium.remote.W3CHandshakeResponse.lambda$errorHandler$0(W3CHandshakeResponse.java:62)
	at org.openqa.selenium.remote.HandshakeResponse.lambda$getResponseFunction$0(HandshakeResponse.java:30)
	at org.openqa.selenium.remote.ProtocolHandshake.lambda$createSession$0(ProtocolHandshake.java:126)
	at java.base/java.util.stream.ReferencePipeline$3$1.accept(ReferencePipeline.java:195)
	at java.base/java.util.Spliterators$ArraySpliterator.tryAdvance(Spliterators.java:958)
	at java.base/java.util.stream.ReferencePipeline.forEachWithCancel(ReferencePipeline.java:127)
	at java.base/java.util.stream.AbstractPipeline.copyIntoWithCancel(AbstractPipeline.java:502)
	at java.base/java.util.stream.AbstractPipeline.copyInto(AbstractPipeline.java:488)
	at java.base/java.util.stream.AbstractPipeline.wrapAndCopyInto(AbstractPipeline.java:474)
	at java.base/java.util.stream.FindOps$FindOp.evaluateSequential(FindOps.java:150)
	at java.base/java.util.stream.AbstractPipeline.evaluate(AbstractPipeline.java:234)
	at java.base/java.util.stream.ReferencePipeline.findFirst(ReferencePipeline.java:543)
	at org.openqa.selenium.remote.ProtocolHandshake.createSession(ProtocolHandshake.java:128)
	at org.openqa.selenium.remote.ProtocolHandshake.createSession(ProtocolHandshake.java:74)
	at org.openqa.selenium.remote.HttpCommandExecutor.execute(HttpCommandExecutor.java:136)
	at org.openqa.selenium.remote.service.DriverCommandExecutor.execute(DriverCommandExecutor.java:83)
	at org.openqa.selenium.remote.RemoteWebDriver.execute(RemoteWebDriver.java:552)
	at org.openqa.selenium.remote.RemoteWebDriver.startSession(RemoteWebDriver.java:213)
	at org.openqa.selenium.remote.RemoteWebDriver.&lt;init&gt;(RemoteWebDriver.java:131)
	at org.openqa.selenium.chrome.ChromeDriver.&lt;init&gt;(ChromeDriver.java:181)
	at org.openqa.selenium.chrome.ChromeDriver.&lt;init&gt;(ChromeDriver.java:168)
	at org.openqa.selenium.chrome.ChromeDriver.&lt;init&gt;(ChromeDriver.java:123)
	at com.mystore.common.utils.BaseTest.setup(BaseTest.java:41)
	at java.base/jdk.internal.reflect.NativeMethodAccessorImpl.invoke0(Native Method)
	at java.base/jdk.internal.reflect.NativeMethodAccessorImpl.invoke(NativeMethodAccessorImpl.java:62)
	at java.base/jdk.internal.reflect.DelegatingMethodAccessorImpl.invoke(DelegatingMethodAccessorImpl.java:43)
	at java.base/java.lang.reflect.Method.invoke(Method.java:566)
	at org.testng.internal.MethodInvocationHelper.invokeMethod(MethodInvocationHelper.java:134)
	at org.testng.internal.MethodInvocationHelper.invokeMethodConsideringTimeout(MethodInvocationHelper.java:63)
	at org.testng.internal.ConfigInvoker.invokeConfigurationMethod(ConfigInvoker.java:348)
	at org.testng.internal.ConfigInvoker.invokeConfigurations(ConfigInvoker.java:302)
	at org.testng.TestRunner.invokeTestConfigurations(TestRunner.java:619)
	at org.testng.TestRunner.beforeRun(TestRunner.java:609)
	at org.testng.TestRunner.run(TestRunner.java:580)
	at org.testng.SuiteRunner.runTest(SuiteRunner.java:384)
	at org.testng.SuiteRunner.runSequentially(SuiteRunner.java:378)
	at org.testng.SuiteRunner.privateRun(SuiteRunner.java:337)
	at org.testng.SuiteRunner.run(SuiteRunner.java:286)
	at org.testng.SuiteRunnerWorker.runSuite(SuiteRunnerWorker.java:53)
	at org.testng.SuiteRunnerWorker.run(SuiteRunnerWorker.java:96)
	at org.testng.TestNG.runSuitesSequentially(TestNG.java:1187)
	at org.testng.TestNG.runSuitesLocally(TestNG.java:1109)
	at org.testng.TestNG.runSuites(TestNG.java:1039)
	at org.testng.TestNG.run(TestNG.java:1007)
	at org.testng.remote.AbstractRemoteTestNG.run(AbstractRemoteTestNG.java:115)
	at org.testng.remote.RemoteTestNG.initAndRun(RemoteTestNG.java:251)
	at org.testng.remote.RemoteTestNG.main(RemoteTestNG.java:77)
</pre></div></td>
<td>0</td>
<td>com.mystore.tests.home.search@76f2bbc1</td></tr>
<tr>
<td title='com.mystore.tests.home.search.ResultFound()'><b>ResultFound</b><br>Test class: com.mystore.tests.home.search</td>
<td><div><pre>org.openqa.selenium.SessionNotCreatedException: session not created: This version of ChromeDriver only supports Chrome version 81
Build info: version: &apos;3.141.59&apos;, revision: &apos;e82be7d358&apos;, time: &apos;2018-11-14T08:17:03&apos;
System info: host: &apos;Satishs-MacBook-Air.local&apos;, ip: &apos;2605:8d80:5c0:8f9:90d2:805d:86b:16a7%en0&apos;, os.name: &apos;Mac OS X&apos;, os.arch: &apos;x86_64&apos;, os.version: &apos;10.15&apos;, java.version: &apos;11.0.1&apos;
Driver info: driver.version: ChromeDriver
remote stacktrace: 0   chromedriver 2                      0x000000010b63e819 chromedriver 2 + 4671513
1   chromedriver 2                      0x000000010b5d9663 chromedriver 2 + 4257379
2   chromedriver 2                      0x000000010b28314f chromedriver 2 + 758095
3   chromedriver 2                      0x000000010b1e3189 chromedriver 2 + 102793
4   chromedriver 2                      0x000000010b1df3bc chromedriver 2 + 86972
5   chromedriver 2                      0x000000010b20e5c3 chromedriver 2 + 280003
6   chromedriver 2                      0x000000010b20b3d3 chromedriver 2 + 267219
7   chromedriver 2                      0x000000010b1e53dd chromedriver 2 + 111581
8   chromedriver 2                      0x000000010b1e6385 chromedriver 2 + 115589
9   chromedriver 2                      0x000000010b6010cf chromedriver 2 + 4419791
10  chromedriver 2                      0x000000010b60dd6a chromedriver 2 + 4472170
11  chromedriver 2                      0x000000010b60db07 chromedriver 2 + 4471559
12  chromedriver 2                      0x000000010b5e5219 chromedriver 2 + 4305433
13  chromedriver 2                      0x000000010b60e617 chromedriver 2 + 4474391
14  chromedriver 2                      0x000000010b5f6e57 chromedriver 2 + 4378199
15  chromedriver 2                      0x000000010b624884 chromedriver 2 + 4565124
16  chromedriver 2                      0x000000010b6447a7 chromedriver 2 + 4695975
17  libsystem_pthread.dylib             0x00007fff64168d76 _pthread_start + 125
18  libsystem_pthread.dylib             0x00007fff641655d7 thread_start + 15

	at org.openqa.selenium.remote.W3CHandshakeResponse.lambda$errorHandler$0(W3CHandshakeResponse.java:62)
	at org.openqa.selenium.remote.HandshakeResponse.lambda$getResponseFunction$0(HandshakeResponse.java:30)
	at org.openqa.selenium.remote.ProtocolHandshake.lambda$createSession$0(ProtocolHandshake.java:126)
	at java.base/java.util.stream.ReferencePipeline$3$1.accept(ReferencePipeline.java:195)
	at java.base/java.util.Spliterators$ArraySpliterator.tryAdvance(Spliterators.java:958)
	at java.base/java.util.stream.ReferencePipeline.forEachWithCancel(ReferencePipeline.java:127)
	at java.base/java.util.stream.AbstractPipeline.copyIntoWithCancel(AbstractPipeline.java:502)
	at java.base/java.util.stream.AbstractPipeline.copyInto(AbstractPipeline.java:488)
	at java.base/java.util.stream.AbstractPipeline.wrapAndCopyInto(AbstractPipeline.java:474)
	at java.base/java.util.stream.FindOps$FindOp.evaluateSequential(FindOps.java:150)
	at java.base/java.util.stream.AbstractPipeline.evaluate(AbstractPipeline.java:234)
	at java.base/java.util.stream.ReferencePipeline.findFirst(ReferencePipeline.java:543)
	at org.openqa.selenium.remote.ProtocolHandshake.createSession(ProtocolHandshake.java:128)
	at org.openqa.selenium.remote.ProtocolHandshake.createSession(ProtocolHandshake.java:74)
	at org.openqa.selenium.remote.HttpCommandExecutor.execute(HttpCommandExecutor.java:136)
	at org.openqa.selenium.remote.service.DriverCommandExecutor.execute(DriverCommandExecutor.java:83)
	at org.openqa.selenium.remote.RemoteWebDriver.execute(RemoteWebDriver.java:552)
	at org.openqa.selenium.remote.RemoteWebDriver.startSession(RemoteWebDriver.java:213)
	at org.openqa.selenium.remote.RemoteWebDriver.&lt;init&gt;(RemoteWebDriver.java:131)
	at org.openqa.selenium.chrome.ChromeDriver.&lt;init&gt;(ChromeDriver.java:181)
	at org.openqa.selenium.chrome.ChromeDriver.&lt;init&gt;(ChromeDriver.java:168)
	at org.openqa.selenium.chrome.ChromeDriver.&lt;init&gt;(ChromeDriver.java:123)
	at com.mystore.common.utils.BaseTest.setup(BaseTest.java:41)
... Removed 28 stack frames</pre></div><a href='#' onClick='toggleBox("stack-trace2031927175", this, "Click to show all stack frames", "Click to hide stack frames")'>Click to show all stack frames</a>
<div class='stack-trace' id='stack-trace2031927175'><pre>org.openqa.selenium.SessionNotCreatedException: session not created: This version of ChromeDriver only supports Chrome version 81
Build info: version: &apos;3.141.59&apos;, revision: &apos;e82be7d358&apos;, time: &apos;2018-11-14T08:17:03&apos;
System info: host: &apos;Satishs-MacBook-Air.local&apos;, ip: &apos;2605:8d80:5c0:8f9:90d2:805d:86b:16a7%en0&apos;, os.name: &apos;Mac OS X&apos;, os.arch: &apos;x86_64&apos;, os.version: &apos;10.15&apos;, java.version: &apos;11.0.1&apos;
Driver info: driver.version: ChromeDriver
remote stacktrace: 0   chromedriver 2                      0x000000010b63e819 chromedriver 2 + 4671513
1   chromedriver 2                      0x000000010b5d9663 chromedriver 2 + 4257379
2   chromedriver 2                      0x000000010b28314f chromedriver 2 + 758095
3   chromedriver 2                      0x000000010b1e3189 chromedriver 2 + 102793
4   chromedriver 2                      0x000000010b1df3bc chromedriver 2 + 86972
5   chromedriver 2                      0x000000010b20e5c3 chromedriver 2 + 280003
6   chromedriver 2                      0x000000010b20b3d3 chromedriver 2 + 267219
7   chromedriver 2                      0x000000010b1e53dd chromedriver 2 + 111581
8   chromedriver 2                      0x000000010b1e6385 chromedriver 2 + 115589
9   chromedriver 2                      0x000000010b6010cf chromedriver 2 + 4419791
10  chromedriver 2                      0x000000010b60dd6a chromedriver 2 + 4472170
11  chromedriver 2                      0x000000010b60db07 chromedriver 2 + 4471559
12  chromedriver 2                      0x000000010b5e5219 chromedriver 2 + 4305433
13  chromedriver 2                      0x000000010b60e617 chromedriver 2 + 4474391
14  chromedriver 2                      0x000000010b5f6e57 chromedriver 2 + 4378199
15  chromedriver 2                      0x000000010b624884 chromedriver 2 + 4565124
16  chromedriver 2                      0x000000010b6447a7 chromedriver 2 + 4695975
17  libsystem_pthread.dylib             0x00007fff64168d76 _pthread_start + 125
18  libsystem_pthread.dylib             0x00007fff641655d7 thread_start + 15

	at java.base/jdk.internal.reflect.NativeConstructorAccessorImpl.newInstance0(Native Method)
	at java.base/jdk.internal.reflect.NativeConstructorAccessorImpl.newInstance(NativeConstructorAccessorImpl.java:62)
	at java.base/jdk.internal.reflect.DelegatingConstructorAccessorImpl.newInstance(DelegatingConstructorAccessorImpl.java:45)
	at java.base/java.lang.reflect.Constructor.newInstance(Constructor.java:490)
	at org.openqa.selenium.remote.W3CHandshakeResponse.lambda$errorHandler$0(W3CHandshakeResponse.java:62)
	at org.openqa.selenium.remote.HandshakeResponse.lambda$getResponseFunction$0(HandshakeResponse.java:30)
	at org.openqa.selenium.remote.ProtocolHandshake.lambda$createSession$0(ProtocolHandshake.java:126)
	at java.base/java.util.stream.ReferencePipeline$3$1.accept(ReferencePipeline.java:195)
	at java.base/java.util.Spliterators$ArraySpliterator.tryAdvance(Spliterators.java:958)
	at java.base/java.util.stream.ReferencePipeline.forEachWithCancel(ReferencePipeline.java:127)
	at java.base/java.util.stream.AbstractPipeline.copyIntoWithCancel(AbstractPipeline.java:502)
	at java.base/java.util.stream.AbstractPipeline.copyInto(AbstractPipeline.java:488)
	at java.base/java.util.stream.AbstractPipeline.wrapAndCopyInto(AbstractPipeline.java:474)
	at java.base/java.util.stream.FindOps$FindOp.evaluateSequential(FindOps.java:150)
	at java.base/java.util.stream.AbstractPipeline.evaluate(AbstractPipeline.java:234)
	at java.base/java.util.stream.ReferencePipeline.findFirst(ReferencePipeline.java:543)
	at org.openqa.selenium.remote.ProtocolHandshake.createSession(ProtocolHandshake.java:128)
	at org.openqa.selenium.remote.ProtocolHandshake.createSession(ProtocolHandshake.java:74)
	at org.openqa.selenium.remote.HttpCommandExecutor.execute(HttpCommandExecutor.java:136)
	at org.openqa.selenium.remote.service.DriverCommandExecutor.execute(DriverCommandExecutor.java:83)
	at org.openqa.selenium.remote.RemoteWebDriver.execute(RemoteWebDriver.java:552)
	at org.openqa.selenium.remote.RemoteWebDriver.startSession(RemoteWebDriver.java:213)
	at org.openqa.selenium.remote.RemoteWebDriver.&lt;init&gt;(RemoteWebDriver.java:131)
	at org.openqa.selenium.chrome.ChromeDriver.&lt;init&gt;(ChromeDriver.java:181)
	at org.openqa.selenium.chrome.ChromeDriver.&lt;init&gt;(ChromeDriver.java:168)
	at org.openqa.selenium.chrome.ChromeDriver.&lt;init&gt;(ChromeDriver.java:123)
	at com.mystore.common.utils.BaseTest.setup(BaseTest.java:41)
	at java.base/jdk.internal.reflect.NativeMethodAccessorImpl.invoke0(Native Method)
	at java.base/jdk.internal.reflect.NativeMethodAccessorImpl.invoke(NativeMethodAccessorImpl.java:62)
	at java.base/jdk.internal.reflect.DelegatingMethodAccessorImpl.invoke(DelegatingMethodAccessorImpl.java:43)
	at java.base/java.lang.reflect.Method.invoke(Method.java:566)
	at org.testng.internal.MethodInvocationHelper.invokeMethod(MethodInvocationHelper.java:134)
	at org.testng.internal.MethodInvocationHelper.invokeMethodConsideringTimeout(MethodInvocationHelper.java:63)
	at org.testng.internal.ConfigInvoker.invokeConfigurationMethod(ConfigInvoker.java:348)
	at org.testng.internal.ConfigInvoker.invokeConfigurations(ConfigInvoker.java:302)
	at org.testng.TestRunner.invokeTestConfigurations(TestRunner.java:619)
	at org.testng.TestRunner.beforeRun(TestRunner.java:609)
	at org.testng.TestRunner.run(TestRunner.java:580)
	at org.testng.SuiteRunner.runTest(SuiteRunner.java:384)
	at org.testng.SuiteRunner.runSequentially(SuiteRunner.java:378)
	at org.testng.SuiteRunner.privateRun(SuiteRunner.java:337)
	at org.testng.SuiteRunner.run(SuiteRunner.java:286)
	at org.testng.SuiteRunnerWorker.runSuite(SuiteRunnerWorker.java:53)
	at org.testng.SuiteRunnerWorker.run(SuiteRunnerWorker.java:96)
	at org.testng.TestNG.runSuitesSequentially(TestNG.java:1187)
	at org.testng.TestNG.runSuitesLocally(TestNG.java:1109)
	at org.testng.TestNG.runSuites(TestNG.java:1039)
	at org.testng.TestNG.run(TestNG.java:1007)
	at org.testng.remote.AbstractRemoteTestNG.run(AbstractRemoteTestNG.java:115)
	at org.testng.remote.RemoteTestNG.initAndRun(RemoteTestNG.java:251)
	at org.testng.remote.RemoteTestNG.main(RemoteTestNG.java:77)
</pre></div></td>
<td>0</td>
<td>com.mystore.tests.home.search@76f2bbc1</td></tr>
</table><p>
</body>
</html>