<!DOCTYPE html PUBLIC "-//W3C//DTD XHTML 1.1//EN" "http://www.w3.org/TR/xhtml11/DTD/xhtml11.dtd">
<html xmlns="http://www.w3.org/1999/xhtml">
<head>
<meta http-equiv="content-type" content="text/html; charset=UTF-8"/>
<title>TestNG Report</title>
<style type="text/css">table {margin-bottom:10px;border-collapse:collapse;empty-cells:show}th,td {border:1px solid #009;padding:.25em .5em}th {vertical-align:bottom}td {vertical-align:top}table a {font-weight:bold}.stripe td {background-color: #E6EBF9}.num {text-align:right}.passedodd td {background-color: #3F3}.passedeven td {background-color: #0A0}.skippedodd td {background-color: #DDD}.skippedeven td {background-color: #CCC}.failedodd td,.attn {background-color: #F33}.failedeven td,.stripe .attn {background-color: #D00}.stacktrace {white-space:pre;font-family:monospace}.totop {font-size:85%;text-align:center;border-bottom:2px solid #000}.invisible {display:none}</style>
</head>
<body>
<table>
<tr><th>Test</th><th># Passed</th><th># Skipped</th><th># Retried</th><th># Failed</th><th>Time (ms)</th><th>Included Groups</th><th>Excluded Groups</th></tr>
<tr><th colspan="8">Suite</th></tr>
<tr><td><a href="#t0">Test</a></td><td class="num">0</td><td class="num attn">4</td><td class="num">0</td><td class="num">0</td><td class="num">5,031</td><td></td><td></td></tr>
</table>
<table id='summary'><thead><tr><th>Class</th><th>Method</th><th>Start</th><th>Time (ms)</th></tr></thead><tbody><tr><th colspan="4">Suite</th></tr></tbody><tbody id="t0"><tr><th colspan="4">Test &#8212; failed (configuration methods)</th></tr><tr class="failedeven"><td rowspan="1">com.mystore.tests.home.search</td><td><a href="#m0">setup</a></td><td rowspan="1">1597607087685</td><td rowspan="1">4508</td></tr><tr><th colspan="4">Test &#8212; skipped (configuration methods)</th></tr><tr class="skippedeven"><td rowspan="1">com.mystore.tests.home.search</td><td><a href="#m1">tearDown</a></td><td rowspan="1">1597607092700</td><td rowspan="1">-1597607092700</td></tr><tr><th colspan="4">Test &#8212; skipped</th></tr><tr class="skippedeven"><td rowspan="4">com.mystore.tests.home.search</td><td><a href="#m2">ResultFound</a></td><td rowspan="4">1597607092584</td><td rowspan="4">0</td></tr><tr class="skippedeven"><td><a href="#m3">ResultFound</a></td></tr><tr class="skippedeven"><td><a href="#m4">ResultFound</a></td></tr><tr class="skippedeven"><td><a href="#m5">ResultFound</a></td></tr></tbody>
</table>
<h2>Test</h2><h3 id="m0">com.mystore.tests.home.search#setup</h3><table class="result"><tr class="param"><th>Parameter #1</th></tr><tr class="param stripe"><td>chrome</td></tr><tr><th>Exception</th></tr><tr><td><div class="stacktrace">org.openqa.selenium.SessionNotCreatedException: session not created: This version of ChromeDriver only supports Chrome version 81
Build info: version: &apos;3.141.59&apos;, revision: &apos;e82be7d358&apos;, time: &apos;2018-11-14T08:17:03&apos;
System info: host: &apos;Satishs-MacBook-Air.local&apos;, ip: &apos;2605:8d80:5c0:8f9:90d2:805d:86b:16a7%en0&apos;, os.name: &apos;Mac OS X&apos;, os.arch: &apos;x86_64&apos;, os.version: &apos;10.15&apos;, java.version: &apos;11.0.1&apos;
Driver info: driver.version: ChromeDriver
remote stacktrace: 0   chromedriver 2                      0x000000010b63e819 chromedriver 2 + 4671513
1   chromedriver 2                      0x000000010b5d9663 chromedriver 2 + 4257379
2   chromedriver 2                      0x000000010b28314f chromedriver 2 + 758095
3   chromedriver 2                      0x000000010b1e3189 chromedriver 2 + 102793
4   chromedriver 2                      0x000000010b1df3bc chromedriver 2 + 86972
5   chromedriver 2                      0x000000010b20e5c3 chromedriver 2 + 280003
6   chromedriver 2                      0x000000010b20b3d3 chromedriver 2 + 267219
7   chromedriver 2                      0x000000010b1e53dd chromedriver 2 + 111581
8   chromedriver 2                      0x000000010b1e6385 chromedriver 2 + 115589
9   chromedriver 2                      0x000000010b6010cf chromedriver 2 + 4419791
10  chromedriver 2                      0x000000010b60dd6a chromedriver 2 + 4472170
11  chromedriver 2                      0x000000010b60db07 chromedriver 2 + 4471559
12  chromedriver 2                      0x000000010b5e5219 chromedriver 2 + 4305433
13  chromedriver 2                      0x000000010b60e617 chromedriver 2 + 4474391
14  chromedriver 2                      0x000000010b5f6e57 chromedriver 2 + 4378199
15  chromedriver 2                      0x000000010b624884 chromedriver 2 + 4565124
16  chromedriver 2                      0x000000010b6447a7 chromedriver 2 + 4695975
17  libsystem_pthread.dylib             0x00007fff64168d76 _pthread_start + 125
18  libsystem_pthread.dylib             0x00007fff641655d7 thread_start + 15

	at org.openqa.selenium.remote.W3CHandshakeResponse.lambda$errorHandler$0(W3CHandshakeResponse.java:62)
	at org.openqa.selenium.remote.HandshakeResponse.lambda$getResponseFunction$0(HandshakeResponse.java:30)
	at org.openqa.selenium.remote.ProtocolHandshake.lambda$createSession$0(ProtocolHandshake.java:126)
	at java.base/java.util.stream.ReferencePipeline$3$1.accept(ReferencePipeline.java:195)
	at java.base/java.util.Spliterators$ArraySpliterator.tryAdvance(Spliterators.java:958)
	at java.base/java.util.stream.ReferencePipeline.forEachWithCancel(ReferencePipeline.java:127)
	at java.base/java.util.stream.AbstractPipeline.copyIntoWithCancel(AbstractPipeline.java:502)
	at java.base/java.util.stream.AbstractPipeline.copyInto(AbstractPipeline.java:488)
	at java.base/java.util.stream.AbstractPipeline.wrapAndCopyInto(AbstractPipeline.java:474)
	at java.base/java.util.stream.FindOps$FindOp.evaluateSequential(FindOps.java:150)
	at java.base/java.util.stream.AbstractPipeline.evaluate(AbstractPipeline.java:234)
	at java.base/java.util.stream.ReferencePipeline.findFirst(ReferencePipeline.java:543)
	at org.openqa.selenium.remote.ProtocolHandshake.createSession(ProtocolHandshake.java:128)
	at org.openqa.selenium.remote.ProtocolHandshake.createSession(ProtocolHandshake.java:74)
	at org.openqa.selenium.remote.HttpCommandExecutor.execute(HttpCommandExecutor.java:136)
	at org.openqa.selenium.remote.service.DriverCommandExecutor.execute(DriverCommandExecutor.java:83)
	at org.openqa.selenium.remote.RemoteWebDriver.execute(RemoteWebDriver.java:552)
	at org.openqa.selenium.remote.RemoteWebDriver.startSession(RemoteWebDriver.java:213)
	at org.openqa.selenium.remote.RemoteWebDriver.&lt;init&gt;(RemoteWebDriver.java:131)
	at org.openqa.selenium.chrome.ChromeDriver.&lt;init&gt;(ChromeDriver.java:181)
	at org.openqa.selenium.chrome.ChromeDriver.&lt;init&gt;(ChromeDriver.java:168)
	at org.openqa.selenium.chrome.ChromeDriver.&lt;init&gt;(ChromeDriver.java:123)
	at com.mystore.common.utils.BaseTest.setup(BaseTest.java:41)
... Removed 28 stack frames</div></td></tr></table><p class="totop"><a href="#summary">back to summary</a></p>
<h3 id="m1">com.mystore.tests.home.search#tearDown</h3><table class="result"><tr><th class="invisible"/></tr></table><p class="totop"><a href="#summary">back to summary</a></p>
<h3 id="m2">com.mystore.tests.home.search#ResultFound</h3><table class="result"><tr><th>Exception</th></tr><tr><td><div class="stacktrace">org.openqa.selenium.SessionNotCreatedException: session not created: This version of ChromeDriver only supports Chrome version 81
Build info: version: &apos;3.141.59&apos;, revision: &apos;e82be7d358&apos;, time: &apos;2018-11-14T08:17:03&apos;
System info: host: &apos;Satishs-MacBook-Air.local&apos;, ip: &apos;2605:8d80:5c0:8f9:90d2:805d:86b:16a7%en0&apos;, os.name: &apos;Mac OS X&apos;, os.arch: &apos;x86_64&apos;, os.version: &apos;10.15&apos;, java.version: &apos;11.0.1&apos;
Driver info: driver.version: ChromeDriver
remote stacktrace: 0   chromedriver 2                      0x000000010b63e819 chromedriver 2 + 4671513
1   chromedriver 2                      0x000000010b5d9663 chromedriver 2 + 4257379
2   chromedriver 2                      0x000000010b28314f chromedriver 2 + 758095
3   chromedriver 2                      0x000000010b1e3189 chromedriver 2 + 102793
4   chromedriver 2                      0x000000010b1df3bc chromedriver 2 + 86972
5   chromedriver 2                      0x000000010b20e5c3 chromedriver 2 + 280003
6   chromedriver 2                      0x000000010b20b3d3 chromedriver 2 + 267219
7   chromedriver 2                      0x000000010b1e53dd chromedriver 2 + 111581
8   chromedriver 2                      0x000000010b1e6385 chromedriver 2 + 115589
9   chromedriver 2                      0x000000010b6010cf chromedriver 2 + 4419791
10  chromedriver 2                      0x000000010b60dd6a chromedriver 2 + 4472170
11  chromedriver 2                      0x000000010b60db07 chromedriver 2 + 4471559
12  chromedriver 2                      0x000000010b5e5219 chromedriver 2 + 4305433
13  chromedriver 2                      0x000000010b60e617 chromedriver 2 + 4474391
14  chromedriver 2                      0x000000010b5f6e57 chromedriver 2 + 4378199
15  chromedriver 2                      0x000000010b624884 chromedriver 2 + 4565124
16  chromedriver 2                      0x000000010b6447a7 chromedriver 2 + 4695975
17  libsystem_pthread.dylib             0x00007fff64168d76 _pthread_start + 125
18  libsystem_pthread.dylib             0x00007fff641655d7 thread_start + 15

	at org.openqa.selenium.remote.W3CHandshakeResponse.lambda$errorHandler$0(W3CHandshakeResponse.java:62)
	at org.openqa.selenium.remote.HandshakeResponse.lambda$getResponseFunction$0(HandshakeResponse.java:30)
	at org.openqa.selenium.remote.ProtocolHandshake.lambda$createSession$0(ProtocolHandshake.java:126)
	at java.base/java.util.stream.ReferencePipeline$3$1.accept(ReferencePipeline.java:195)
	at java.base/java.util.Spliterators$ArraySpliterator.tryAdvance(Spliterators.java:958)
	at java.base/java.util.stream.ReferencePipeline.forEachWithCancel(ReferencePipeline.java:127)
	at java.base/java.util.stream.AbstractPipeline.copyIntoWithCancel(AbstractPipeline.java:502)
	at java.base/java.util.stream.AbstractPipeline.copyInto(AbstractPipeline.java:488)
	at java.base/java.util.stream.AbstractPipeline.wrapAndCopyInto(AbstractPipeline.java:474)
	at java.base/java.util.stream.FindOps$FindOp.evaluateSequential(FindOps.java:150)
	at java.base/java.util.stream.AbstractPipeline.evaluate(AbstractPipeline.java:234)
	at java.base/java.util.stream.ReferencePipeline.findFirst(ReferencePipeline.java:543)
	at org.openqa.selenium.remote.ProtocolHandshake.createSession(ProtocolHandshake.java:128)
	at org.openqa.selenium.remote.ProtocolHandshake.createSession(ProtocolHandshake.java:74)
	at org.openqa.selenium.remote.HttpCommandExecutor.execute(HttpCommandExecutor.java:136)
	at org.openqa.selenium.remote.service.DriverCommandExecutor.execute(DriverCommandExecutor.java:83)
	at org.openqa.selenium.remote.RemoteWebDriver.execute(RemoteWebDriver.java:552)
	at org.openqa.selenium.remote.RemoteWebDriver.startSession(RemoteWebDriver.java:213)
	at org.openqa.selenium.remote.RemoteWebDriver.&lt;init&gt;(RemoteWebDriver.java:131)
	at org.openqa.selenium.chrome.ChromeDriver.&lt;init&gt;(ChromeDriver.java:181)
	at org.openqa.selenium.chrome.ChromeDriver.&lt;init&gt;(ChromeDriver.java:168)
	at org.openqa.selenium.chrome.ChromeDriver.&lt;init&gt;(ChromeDriver.java:123)
	at com.mystore.common.utils.BaseTest.setup(BaseTest.java:41)
... Removed 28 stack frames</div></td></tr></table><p class="totop"><a href="#summary">back to summary</a></p>
<h3 id="m3">com.mystore.tests.home.search#ResultFound</h3><table class="result"><tr><th>Exception</th></tr><tr><td><div class="stacktrace">org.openqa.selenium.SessionNotCreatedException: session not created: This version of ChromeDriver only supports Chrome version 81
Build info: version: &apos;3.141.59&apos;, revision: &apos;e82be7d358&apos;, time: &apos;2018-11-14T08:17:03&apos;
System info: host: &apos;Satishs-MacBook-Air.local&apos;, ip: &apos;2605:8d80:5c0:8f9:90d2:805d:86b:16a7%en0&apos;, os.name: &apos;Mac OS X&apos;, os.arch: &apos;x86_64&apos;, os.version: &apos;10.15&apos;, java.version: &apos;11.0.1&apos;
Driver info: driver.version: ChromeDriver
remote stacktrace: 0   chromedriver 2                      0x000000010b63e819 chromedriver 2 + 4671513
1   chromedriver 2                      0x000000010b5d9663 chromedriver 2 + 4257379
2   chromedriver 2                      0x000000010b28314f chromedriver 2 + 758095
3   chromedriver 2                      0x000000010b1e3189 chromedriver 2 + 102793
4   chromedriver 2                      0x000000010b1df3bc chromedriver 2 + 86972
5   chromedriver 2                      0x000000010b20e5c3 chromedriver 2 + 280003
6   chromedriver 2                      0x000000010b20b3d3 chromedriver 2 + 267219
7   chromedriver 2                      0x000000010b1e53dd chromedriver 2 + 111581
8   chromedriver 2                      0x000000010b1e6385 chromedriver 2 + 115589
9   chromedriver 2                      0x000000010b6010cf chromedriver 2 + 4419791
10  chromedriver 2                      0x000000010b60dd6a chromedriver 2 + 4472170
11  chromedriver 2                      0x000000010b60db07 chromedriver 2 + 4471559
12  chromedriver 2                      0x000000010b5e5219 chromedriver 2 + 4305433
13  chromedriver 2                      0x000000010b60e617 chromedriver 2 + 4474391
14  chromedriver 2                      0x000000010b5f6e57 chromedriver 2 + 4378199
15  chromedriver 2                      0x000000010b624884 chromedriver 2 + 4565124
16  chromedriver 2                      0x000000010b6447a7 chromedriver 2 + 4695975
17  libsystem_pthread.dylib             0x00007fff64168d76 _pthread_start + 125
18  libsystem_pthread.dylib             0x00007fff641655d7 thread_start + 15

	at org.openqa.selenium.remote.W3CHandshakeResponse.lambda$errorHandler$0(W3CHandshakeResponse.java:62)
	at org.openqa.selenium.remote.HandshakeResponse.lambda$getResponseFunction$0(HandshakeResponse.java:30)
	at org.openqa.selenium.remote.ProtocolHandshake.lambda$createSession$0(ProtocolHandshake.java:126)
	at java.base/java.util.stream.ReferencePipeline$3$1.accept(ReferencePipeline.java:195)
	at java.base/java.util.Spliterators$ArraySpliterator.tryAdvance(Spliterators.java:958)
	at java.base/java.util.stream.ReferencePipeline.forEachWithCancel(ReferencePipeline.java:127)
	at java.base/java.util.stream.AbstractPipeline.copyIntoWithCancel(AbstractPipeline.java:502)
	at java.base/java.util.stream.AbstractPipeline.copyInto(AbstractPipeline.java:488)
	at java.base/java.util.stream.AbstractPipeline.wrapAndCopyInto(AbstractPipeline.java:474)
	at java.base/java.util.stream.FindOps$FindOp.evaluateSequential(FindOps.java:150)
	at java.base/java.util.stream.AbstractPipeline.evaluate(AbstractPipeline.java:234)
	at java.base/java.util.stream.ReferencePipeline.findFirst(ReferencePipeline.java:543)
	at org.openqa.selenium.remote.ProtocolHandshake.createSession(ProtocolHandshake.java:128)
	at org.openqa.selenium.remote.ProtocolHandshake.createSession(ProtocolHandshake.java:74)
	at org.openqa.selenium.remote.HttpCommandExecutor.execute(HttpCommandExecutor.java:136)
	at org.openqa.selenium.remote.service.DriverCommandExecutor.execute(DriverCommandExecutor.java:83)
	at org.openqa.selenium.remote.RemoteWebDriver.execute(RemoteWebDriver.java:552)
	at org.openqa.selenium.remote.RemoteWebDriver.startSession(RemoteWebDriver.java:213)
	at org.openqa.selenium.remote.RemoteWebDriver.&lt;init&gt;(RemoteWebDriver.java:131)
	at org.openqa.selenium.chrome.ChromeDriver.&lt;init&gt;(ChromeDriver.java:181)
	at org.openqa.selenium.chrome.ChromeDriver.&lt;init&gt;(ChromeDriver.java:168)
	at org.openqa.selenium.chrome.ChromeDriver.&lt;init&gt;(ChromeDriver.java:123)
	at com.mystore.common.utils.BaseTest.setup(BaseTest.java:41)
... Removed 28 stack frames</div></td></tr></table><p class="totop"><a href="#summary">back to summary</a></p>
<h3 id="m4">com.mystore.tests.home.search#ResultFound</h3><table class="result"><tr><th>Exception</th></tr><tr><td><div class="stacktrace">org.openqa.selenium.SessionNotCreatedException: session not created: This version of ChromeDriver only supports Chrome version 81
Build info: version: &apos;3.141.59&apos;, revision: &apos;e82be7d358&apos;, time: &apos;2018-11-14T08:17:03&apos;
System info: host: &apos;Satishs-MacBook-Air.local&apos;, ip: &apos;2605:8d80:5c0:8f9:90d2:805d:86b:16a7%en0&apos;, os.name: &apos;Mac OS X&apos;, os.arch: &apos;x86_64&apos;, os.version: &apos;10.15&apos;, java.version: &apos;11.0.1&apos;
Driver info: driver.version: ChromeDriver
remote stacktrace: 0   chromedriver 2                      0x000000010b63e819 chromedriver 2 + 4671513
1   chromedriver 2                      0x000000010b5d9663 chromedriver 2 + 4257379
2   chromedriver 2                      0x000000010b28314f chromedriver 2 + 758095
3   chromedriver 2                      0x000000010b1e3189 chromedriver 2 + 102793
4   chromedriver 2                      0x000000010b1df3bc chromedriver 2 + 86972
5   chromedriver 2                      0x000000010b20e5c3 chromedriver 2 + 280003
6   chromedriver 2                      0x000000010b20b3d3 chromedriver 2 + 267219
7   chromedriver 2                      0x000000010b1e53dd chromedriver 2 + 111581
8   chromedriver 2                      0x000000010b1e6385 chromedriver 2 + 115589
9   chromedriver 2                      0x000000010b6010cf chromedriver 2 + 4419791
10  chromedriver 2                      0x000000010b60dd6a chromedriver 2 + 4472170
11  chromedriver 2                      0x000000010b60db07 chromedriver 2 + 4471559
12  chromedriver 2                      0x000000010b5e5219 chromedriver 2 + 4305433
13  chromedriver 2                      0x000000010b60e617 chromedriver 2 + 4474391
14  chromedriver 2                      0x000000010b5f6e57 chromedriver 2 + 4378199
15  chromedriver 2                      0x000000010b624884 chromedriver 2 + 4565124
16  chromedriver 2                      0x000000010b6447a7 chromedriver 2 + 4695975
17  libsystem_pthread.dylib             0x00007fff64168d76 _pthread_start + 125
18  libsystem_pthread.dylib             0x00007fff641655d7 thread_start + 15

	at org.openqa.selenium.remote.W3CHandshakeResponse.lambda$errorHandler$0(W3CHandshakeResponse.java:62)
	at org.openqa.selenium.remote.HandshakeResponse.lambda$getResponseFunction$0(HandshakeResponse.java:30)
	at org.openqa.selenium.remote.ProtocolHandshake.lambda$createSession$0(ProtocolHandshake.java:126)
	at java.base/java.util.stream.ReferencePipeline$3$1.accept(ReferencePipeline.java:195)
	at java.base/java.util.Spliterators$ArraySpliterator.tryAdvance(Spliterators.java:958)
	at java.base/java.util.stream.ReferencePipeline.forEachWithCancel(ReferencePipeline.java:127)
	at java.base/java.util.stream.AbstractPipeline.copyIntoWithCancel(AbstractPipeline.java:502)
	at java.base/java.util.stream.AbstractPipeline.copyInto(AbstractPipeline.java:488)
	at java.base/java.util.stream.AbstractPipeline.wrapAndCopyInto(AbstractPipeline.java:474)
	at java.base/java.util.stream.FindOps$FindOp.evaluateSequential(FindOps.java:150)
	at java.base/java.util.stream.AbstractPipeline.evaluate(AbstractPipeline.java:234)
	at java.base/java.util.stream.ReferencePipeline.findFirst(ReferencePipeline.java:543)
	at org.openqa.selenium.remote.ProtocolHandshake.createSession(ProtocolHandshake.java:128)
	at org.openqa.selenium.remote.ProtocolHandshake.createSession(ProtocolHandshake.java:74)
	at org.openqa.selenium.remote.HttpCommandExecutor.execute(HttpCommandExecutor.java:136)
	at org.openqa.selenium.remote.service.DriverCommandExecutor.execute(DriverCommandExecutor.java:83)
	at org.openqa.selenium.remote.RemoteWebDriver.execute(RemoteWebDriver.java:552)
	at org.openqa.selenium.remote.RemoteWebDriver.startSession(RemoteWebDriver.java:213)
	at org.openqa.selenium.remote.RemoteWebDriver.&lt;init&gt;(RemoteWebDriver.java:131)
	at org.openqa.selenium.chrome.ChromeDriver.&lt;init&gt;(ChromeDriver.java:181)
	at org.openqa.selenium.chrome.ChromeDriver.&lt;init&gt;(ChromeDriver.java:168)
	at org.openqa.selenium.chrome.ChromeDriver.&lt;init&gt;(ChromeDriver.java:123)
	at com.mystore.common.utils.BaseTest.setup(BaseTest.java:41)
... Removed 28 stack frames</div></td></tr></table><p class="totop"><a href="#summary">back to summary</a></p>
<h3 id="m5">com.mystore.tests.home.search#ResultFound</h3><table class="result"><tr><th>Exception</th></tr><tr><td><div class="stacktrace">org.openqa.selenium.SessionNotCreatedException: session not created: This version of ChromeDriver only supports Chrome version 81
Build info: version: &apos;3.141.59&apos;, revision: &apos;e82be7d358&apos;, time: &apos;2018-11-14T08:17:03&apos;
System info: host: &apos;Satishs-MacBook-Air.local&apos;, ip: &apos;2605:8d80:5c0:8f9:90d2:805d:86b:16a7%en0&apos;, os.name: &apos;Mac OS X&apos;, os.arch: &apos;x86_64&apos;, os.version: &apos;10.15&apos;, java.version: &apos;11.0.1&apos;
Driver info: driver.version: ChromeDriver
remote stacktrace: 0   chromedriver 2                      0x000000010b63e819 chromedriver 2 + 4671513
1   chromedriver 2                      0x000000010b5d9663 chromedriver 2 + 4257379
2   chromedriver 2                      0x000000010b28314f chromedriver 2 + 758095
3   chromedriver 2                      0x000000010b1e3189 chromedriver 2 + 102793
4   chromedriver 2                      0x000000010b1df3bc chromedriver 2 + 86972
5   chromedriver 2                      0x000000010b20e5c3 chromedriver 2 + 280003
6   chromedriver 2                      0x000000010b20b3d3 chromedriver 2 + 267219
7   chromedriver 2                      0x000000010b1e53dd chromedriver 2 + 111581
8   chromedriver 2                      0x000000010b1e6385 chromedriver 2 + 115589
9   chromedriver 2                      0x000000010b6010cf chromedriver 2 + 4419791
10  chromedriver 2                      0x000000010b60dd6a chromedriver 2 + 4472170
11  chromedriver 2                      0x000000010b60db07 chromedriver 2 + 4471559
12  chromedriver 2                      0x000000010b5e5219 chromedriver 2 + 4305433
13  chromedriver 2                      0x000000010b60e617 chromedriver 2 + 4474391
14  chromedriver 2                      0x000000010b5f6e57 chromedriver 2 + 4378199
15  chromedriver 2                      0x000000010b624884 chromedriver 2 + 4565124
16  chromedriver 2                      0x000000010b6447a7 chromedriver 2 + 4695975
17  libsystem_pthread.dylib             0x00007fff64168d76 _pthread_start + 125
18  libsystem_pthread.dylib             0x00007fff641655d7 thread_start + 15

	at org.openqa.selenium.remote.W3CHandshakeResponse.lambda$errorHandler$0(W3CHandshakeResponse.java:62)
	at org.openqa.selenium.remote.HandshakeResponse.lambda$getResponseFunction$0(HandshakeResponse.java:30)
	at org.openqa.selenium.remote.ProtocolHandshake.lambda$createSession$0(ProtocolHandshake.java:126)
	at java.base/java.util.stream.ReferencePipeline$3$1.accept(ReferencePipeline.java:195)
	at java.base/java.util.Spliterators$ArraySpliterator.tryAdvance(Spliterators.java:958)
	at java.base/java.util.stream.ReferencePipeline.forEachWithCancel(ReferencePipeline.java:127)
	at java.base/java.util.stream.AbstractPipeline.copyIntoWithCancel(AbstractPipeline.java:502)
	at java.base/java.util.stream.AbstractPipeline.copyInto(AbstractPipeline.java:488)
	at java.base/java.util.stream.AbstractPipeline.wrapAndCopyInto(AbstractPipeline.java:474)
	at java.base/java.util.stream.FindOps$FindOp.evaluateSequential(FindOps.java:150)
	at java.base/java.util.stream.AbstractPipeline.evaluate(AbstractPipeline.java:234)
	at java.base/java.util.stream.ReferencePipeline.findFirst(ReferencePipeline.java:543)
	at org.openqa.selenium.remote.ProtocolHandshake.createSession(ProtocolHandshake.java:128)
	at org.openqa.selenium.remote.ProtocolHandshake.createSession(ProtocolHandshake.java:74)
	at org.openqa.selenium.remote.HttpCommandExecutor.execute(HttpCommandExecutor.java:136)
	at org.openqa.selenium.remote.service.DriverCommandExecutor.execute(DriverCommandExecutor.java:83)
	at org.openqa.selenium.remote.RemoteWebDriver.execute(RemoteWebDriver.java:552)
	at org.openqa.selenium.remote.RemoteWebDriver.startSession(RemoteWebDriver.java:213)
	at org.openqa.selenium.remote.RemoteWebDriver.&lt;init&gt;(RemoteWebDriver.java:131)
	at org.openqa.selenium.chrome.ChromeDriver.&lt;init&gt;(ChromeDriver.java:181)
	at org.openqa.selenium.chrome.ChromeDriver.&lt;init&gt;(ChromeDriver.java:168)
	at org.openqa.selenium.chrome.ChromeDriver.&lt;init&gt;(ChromeDriver.java:123)
	at com.mystore.common.utils.BaseTest.setup(BaseTest.java:41)
... Removed 28 stack frames</div></td></tr></table><p class="totop"><a href="#summary">back to summary</a></p>
</body>
</html>
